<?xml version="1.0" encoding="UTF-8"?>
<testsuite xmlns:xsi="http://www.w3.org/2001/XMLSchema-instance" xsi:noNamespaceSchemaLocation="https://maven.apache.org/surefire/maven-surefire-plugin/xsd/surefire-test-report-3.0.xsd" version="3.0" name="com.samsara.SamsaraApplicationTests" time="19.604" tests="1" errors="0" skipped="0" failures="0">
  <properties>
[...]
</properties>
  <testcase name="contextLoads" classname="com.samsara.SamsaraApplicationTests" time="1.427">
    <system-out><![CDATA[17:01:34.121 [main] INFO org.springframework.test.context.support.AnnotationConfigContextLoaderUtils -- Could not detect default configuration classes for test class [com.samsara.SamsaraApplicationTests]: SamsaraApplicationTests does not declare any static, non-private, non-final, nested classes annotated with @Configuration.
17:01:34.218 [main] INFO org.springframework.boot.test.context.SpringBootTestContextBootstrapper -- Found @SpringBootConfiguration com.samsara.SamsaraApplication for test class com.samsara.SamsaraApplicationTests

  .   ____          _            __ _ _
 /\\ / ___'_ __ _ _(_)_ __  __ _ \ \ \ \
( ( )\___ | '_ | '_| | '_ \/ _` | \ \ \ \
 \\/  ___)| |_)| | | | | || (_| |  ) ) ) )
  '  |____| .__|_| |_|_| |_\__, | / / / /
 =========|_|==============|___/=/_/_/_/
 :: Spring Boot ::                (v3.2.5)

2026-06-22T17:01:34.638+01:00  INFO 31196 --- [           main] com.samsara.SamsaraApplicationTests      : Starting SamsaraApplicationTests using Java 21.0.1 with PID 31196 (started by LENOVO in C:\Users\LENOVO\Desktop\Samsara\backend)
2026-06-22T17:01:34.640+01:00  INFO 31196 --- [           main] com.samsara.SamsaraApplicationTests      : No active profile set, falling back to 1 default profile: "default"
2026-06-22T17:01:35.468+01:00  INFO 31196 --- [           main] .s.d.r.c.RepositoryConfigurationDelegate : Bootstrapping Spring Data JPA repositories in DEFAULT mode.
2026-06-22T17:01:35.542+01:00  INFO 31196 --- [           main] .s.d.r.c.RepositoryConfigurationDelegate : Finished Spring Data repository scanning in 67 ms. Found 8 JPA repository interfaces.
2026-06-22T17:01:36.158+01:00  INFO 31196 --- [           main] o.hibernate.jpa.internal.util.LogHelper  : HHH000204: Processing PersistenceUnitInfo [name: default]
2026-06-22T17:01:36.236+01:00  INFO 31196 --- [           main] org.hibernate.Version                    : HHH000412: Hibernate ORM core version 6.4.4.Final
2026-06-22T17:01:36.290+01:00  INFO 31196 --- [           main] o.h.c.internal.RegionFactoryInitiator    : HHH000026: Second-level cache disabled
2026-06-22T17:01:37.483+01:00  INFO 31196 --- [           main] o.s.o.j.p.SpringPersistenceUnitInfo      : No LoadTimeWeaver setup: ignoring JPA class transformer
2026-06-22T17:01:37.630+01:00  INFO 31196 --- [           main] com.zaxxer.hikari.HikariDataSource       : HikariPool-1 - Starting...
2026-06-22T17:01:38.288+01:00  INFO 31196 --- [           main] com.zaxxer.hikari.pool.HikariPool        : HikariPool-1 - Added connection org.postgresql.jdbc.PgConnection@3dfe92ef
2026-06-22T17:01:38.295+01:00  INFO 31196 --- [           main] com.zaxxer.hikari.HikariDataSource       : HikariPool-1 - Start completed.
2026-06-22T17:01:38.408+01:00  WARN 31196 --- [           main] org.hibernate.orm.deprecation            : HHH90000025: PostgreSQLDialect does not need to be specified explicitly using 'hibernate.dialect' (remove the property setting and it will be selected by default)
2026-06-22T17:01:43.134+01:00  INFO 31196 --- [           main] o.h.e.t.j.p.i.JtaPlatformInitiator       : HHH000489: No JTA platform available (set 'hibernate.transaction.jta.platform' to enable JTA platform integration)
2026-06-22T17:01:43.512+01:00  INFO 31196 --- [           main] j.LocalContainerEntityManagerFactoryBean : Initialized JPA EntityManagerFactory for persistence unit 'default'
2026-06-22T17:01:45.717+01:00  INFO 31196 --- [           main] o.s.d.j.r.query.QueryEnhancerFactory     : Hibernate is in classpath; If applicable, HQL parser will be used.
2026-06-22T17:01:48.431+01:00  WARN 31196 --- [           main] .s.s.UserDetailsServiceAutoConfiguration : 

Using generated security password: 1850d9ac-ae4d-4ff3-b3a3-c0fa47cb0c3c

This generated password is for development use only. Your security configuration must be updated before running your application in production.

2026-06-22T17:01:50.041+01:00  INFO 31196 --- [           main] o.s.s.web.DefaultSecurityFilterChain     : Will secure any request with [org.springframework.security.web.session.DisableEncodeUrlFilter@34b63def, org.springframework.security.web.context.request.async.WebAsyncManagerIntegrationFilter@4d92e9da, org.springframework.security.web.context.SecurityContextHolderFilter@7e84be9b, org.springframework.security.web.header.HeaderWriterFilter@4baf0b7f, org.springframework.web.filter.CorsFilter@5811f080, org.springframework.security.web.authentication.logout.LogoutFilter@42a5bdaf, com.samsara.config.JwtAuthFilter@23dda7a3, org.springframework.security.web.savedrequest.RequestCacheAwareFilter@41ebae0e, org.springframework.security.web.servletapi.SecurityContextHolderAwareRequestFilter@79059313, org.springframework.security.web.authentication.AnonymousAuthenticationFilter@1baef878, org.springframework.security.web.session.SessionManagementFilter@5d5ad1e2, org.springframework.security.web.access.ExceptionTranslationFilter@1be49e00, org.springframework.security.web.access.intercept.AuthorizationFilter@7aa06fac]
2026-06-22T17:01:51.932+01:00  INFO 31196 --- [           main] com.samsara.SamsaraApplicationTests      : Started SamsaraApplicationTests in 17.565 seconds (process running for 18.615)
]]></system-out>
    <system-err><![CDATA[WARNING: A Java agent has been loaded dynamically (C:\Users\LENOVO\.m2\repository\net\bytebuddy\byte-buddy-agent\1.14.13\byte-buddy-agent-1.14.13.jar)
WARNING: If a serviceability tool is in use, please run with -XX:+EnableDynamicAgentLoading to hide this warning
WARNING: If a serviceability tool is not in use, please run with -Djdk.instrument.traceUsage for more information
WARNING: Dynamic loading of agents will be disallowed by default in a future release
]]></system-err>
  </testcase>
</testsuite>